<?xml version="1.0" encoding="UTF-8"?>
<testsuite xmlns:xsi="http://www.w3.org/2001/XMLSchema-instance" xsi:noNamespaceSchemaLocation="https://maven.apache.org/surefire/maven-surefire-plugin/xsd/surefire-test-report.xsd" version="3.0.2" name="com.logwire.RunCucumberTest" time="15.515" tests="5" errors="0" skipped="0" failures="0">
  <properties>
[...]
</properties>
  <testcase name="Login1 - connexion reussite" classname="Login1" time="2.163">
    <system-out><![CDATA[
@positif @alltests
Scenario: connexion reussite                     &amp#27;[90m# com/logwire/Login1.feature:7&amp#27;[0m
  &amp#27;[32mGiven &amp#27;[0m&amp#27;[32mje suis sur &amp#27;[0m&amp#27;[32m&amp#27;[1m"https://www.saucedemo.com/"&amp#27;[0m &amp#27;[90m# com.logwire.steps.LoginSteps.je_suis_sur(java.lang.String)&amp#27;[0m
  &amp#27;[32mWhen &amp#27;[0m&amp#27;[32mje saisis le username &amp#27;[0m&amp#27;[32m&amp#27;[1m"standard_user"&amp#27;[0m     &amp#27;[90m# com.logwire.steps.LoginSteps.je_saisis_le_username(java.lang.String)&amp#27;[0m
  &amp#27;[32mAnd &amp#27;[0m&amp#27;[32mje saisi le password &amp#27;[0m&amp#27;[32m&amp#27;[1m"secret_sauce"&amp#27;[0m        &amp#27;[90m# com.logwire.steps.LoginSteps.je_saisi_le_password(java.lang.String)&amp#27;[0m
  &amp#27;[32mAnd &amp#27;[0m&amp#27;[32mje clique sur le bouton &amp#27;[0m&amp#27;[32m&amp#27;[1m"login-button"&amp#27;[0m     &amp#27;[90m# com.logwire.steps.LoginSteps.je_clique_sur_le_bouton(java.lang.String)&amp#27;[0m
  &amp#27;[32mThen &amp#27;[0m&amp#27;[32mje suis redirigé au dashbord&amp#27;[0m              &amp#27;[90m# com.logwire.steps.LoginSteps.je_suis_redirig_au_dashbord()&amp#27;[0m
]]></system-out>
    <system-err><![CDATA[mars 10, 2025 12:23:56 PM org.openqa.selenium.remote.tracing.opentelemetry.OpenTelemetryTracer createTracer
INFO: Using OpenTelemetry for tracing
]]></system-err>
  </testcase>
  <testcase name="Login1 - Connexion avec un compte à performance lente" classname="Login1" time="6.283">
    <system-out><![CDATA[
@positif @alltests
Scenario: Connexion avec un compte à performance lente &amp#27;[90m# com/logwire/Login1.feature:14&amp#27;[0m
  &amp#27;[32mGiven &amp#27;[0m&amp#27;[32mje suis sur &amp#27;[0m&amp#27;[32m&amp#27;[1m"https://www.saucedemo.com/"&amp#27;[0m       &amp#27;[90m# com.logwire.steps.LoginSteps.je_suis_sur(java.lang.String)&amp#27;[0m
  &amp#27;[32mWhen &amp#27;[0m&amp#27;[32mje saisis le username &amp#27;[0m&amp#27;[32m&amp#27;[1m"performance_glitch_user"&amp#27;[0m &amp#27;[90m# com.logwire.steps.LoginSteps.je_saisis_le_username(java.lang.String)&amp#27;[0m
  &amp#27;[32mAnd &amp#27;[0m&amp#27;[32mje saisi le password &amp#27;[0m&amp#27;[32m&amp#27;[1m"secret_sauce"&amp#27;[0m              &amp#27;[90m# com.logwire.steps.LoginSteps.je_saisi_le_password(java.lang.String)&amp#27;[0m
  &amp#27;[32mAnd &amp#27;[0m&amp#27;[32mje clique sur le bouton &amp#27;[0m&amp#27;[32m&amp#27;[1m"login-button"&amp#27;[0m           &amp#27;[90m# com.logwire.steps.LoginSteps.je_clique_sur_le_bouton(java.lang.String)&amp#27;[0m
  &amp#27;[32mThen &amp#27;[0m&amp#27;[32mje suis redirigé au dashbord&amp#27;[0m                    &amp#27;[90m# com.logwire.steps.LoginSteps.je_suis_redirig_au_dashbord()&amp#27;[0m
  &amp#27;[32mAnd &amp#27;[0m&amp#27;[32mla connexion est lente mais réussie&amp#27;[0m              &amp#27;[90m# com.logwire.steps.LoginSteps.la_connexion_est_lente_mais_r_ussie()&amp#27;[0m
]]></system-out>
    <system-err><![CDATA[la connexion est lente mais réussie
]]></system-err>
  </testcase>
  <testcase name="Login1 - Connexion avec un nom d&apos;utilisateur incorrect" classname="Login1" time="1.835">
    <system-out><![CDATA[
@negatif @alltests
Scenario: Connexion avec un nom d'utilisateur incorrect &amp#27;[90m# com/logwire/Login1.feature:23&amp#27;[0m
  &amp#27;[32mGiven &amp#27;[0m&amp#27;[32mje suis sur &amp#27;[0m&amp#27;[32m&amp#27;[1m"https://www.saucedemo.com/"&amp#27;[0m        &amp#27;[90m# com.logwire.steps.LoginSteps.je_suis_sur(java.lang.String)&amp#27;[0m
  &amp#27;[32mWhen &amp#27;[0m&amp#27;[32mje saisis le username &amp#27;[0m&amp#27;[32m&amp#27;[1m"standard_userINcorrect"&amp#27;[0m   &amp#27;[90m# com.logwire.steps.LoginSteps.je_saisis_le_username(java.lang.String)&amp#27;[0m
  &amp#27;[32mAnd &amp#27;[0m&amp#27;[32mje saisi le password &amp#27;[0m&amp#27;[32m&amp#27;[1m"secret_sauce"&amp#27;[0m               &amp#27;[90m# com.logwire.steps.LoginSteps.je_saisi_le_password(java.lang.String)&amp#27;[0m
  &amp#27;[32mAnd &amp#27;[0m&amp#27;[32mje clique sur le bouton &amp#27;[0m&amp#27;[32m&amp#27;[1m"login-button"&amp#27;[0m            &amp#27;[90m# com.logwire.steps.LoginSteps.je_clique_sur_le_bouton(java.lang.String)&amp#27;[0m
  &amp#27;[32mThen &amp#27;[0m&amp#27;[32mun message derreur saffiche&amp#27;[0m                      &amp#27;[90m# com.logwire.steps.LoginSteps.un_message_derreur_saffiche()&amp#27;[0m
]]></system-out>
  </testcase>
  <testcase name="Login1 - Connexion avec un mot de passe incorrect" classname="Login1" time="1.865">
    <system-out><![CDATA[
@negatif
Scenario: Connexion avec un mot de passe incorrect &amp#27;[90m# com/logwire/Login1.feature:33&amp#27;[0m
  &amp#27;[32mGiven &amp#27;[0m&amp#27;[32mje suis sur &amp#27;[0m&amp#27;[32m&amp#27;[1m"https://www.saucedemo.com/"&amp#27;[0m   &amp#27;[90m# com.logwire.steps.LoginSteps.je_suis_sur(java.lang.String)&amp#27;[0m
  &amp#27;[32mWhen &amp#27;[0m&amp#27;[32mje saisis le username &amp#27;[0m&amp#27;[32m&amp#27;[1m"standard_user"&amp#27;[0m       &amp#27;[90m# com.logwire.steps.LoginSteps.je_saisis_le_username(java.lang.String)&amp#27;[0m
  &amp#27;[32mAnd &amp#27;[0m&amp#27;[32mje saisi le password &amp#27;[0m&amp#27;[32m&amp#27;[1m"secret_sauceINcorrect"&amp#27;[0m &amp#27;[90m# com.logwire.steps.LoginSteps.je_saisi_le_password(java.lang.String)&amp#27;[0m
  &amp#27;[32mAnd &amp#27;[0m&amp#27;[32mje clique sur le bouton &amp#27;[0m&amp#27;[32m&amp#27;[1m"login-button"&amp#27;[0m       &amp#27;[90m# com.logwire.steps.LoginSteps.je_clique_sur_le_bouton(java.lang.String)&amp#27;[0m
  &amp#27;[32mThen &amp#27;[0m&amp#27;[32mun message derreur saffiche&amp#27;[0m                 &amp#27;[90m# com.logwire.steps.LoginSteps.un_message_derreur_saffiche()&amp#27;[0m
]]></system-out>
  </testcase>
  <testcase name="Login1 - Connexion avec un compte bloqué" classname="Login1" time="1.674">
    <system-out><![CDATA[
@negatif
Scenario: Connexion avec un compte bloqué            &amp#27;[90m# com/logwire/Login1.feature:41&amp#27;[0m
  &amp#27;[32mGiven &amp#27;[0m&amp#27;[32mje suis sur &amp#27;[0m&amp#27;[32m&amp#27;[1m"https://www.saucedemo.com/"&amp#27;[0m     &amp#27;[90m# com.logwire.steps.LoginSteps.je_suis_sur(java.lang.String)&amp#27;[0m
  &amp#27;[32mWhen &amp#27;[0m&amp#27;[32mje saisis le username &amp#27;[0m&amp#27;[32m&amp#27;[1m"locked_out_user"&amp#27;[0m       &amp#27;[90m# com.logwire.steps.LoginSteps.je_saisis_le_username(java.lang.String)&amp#27;[0m
  &amp#27;[32mAnd &amp#27;[0m&amp#27;[32mje saisi le password &amp#27;[0m&amp#27;[32m&amp#27;[1m"secret_sauce"&amp#27;[0m            &amp#27;[90m# com.logwire.steps.LoginSteps.je_saisi_le_password(java.lang.String)&amp#27;[0m
  &amp#27;[32mAnd &amp#27;[0m&amp#27;[32mje clique sur le bouton &amp#27;[0m&amp#27;[32m&amp#27;[1m"login-button"&amp#27;[0m         &amp#27;[90m# com.logwire.steps.LoginSteps.je_clique_sur_le_bouton(java.lang.String)&amp#27;[0m
  &amp#27;[32mThen &amp#27;[0m&amp#27;[32mun message derreur de compte blocage saffiche&amp#27;[0m &amp#27;[90m# com.logwire.steps.LoginSteps.un_message_derreur_de_compte_blocage_saffiche()&amp#27;[0m
]]></system-out>
  </testcase>
</testsuite>